TN:
SF:/home/ken/ClionProjects/Travisci/main.cpp
FN:4,_simgrid_log_category__msg_app_masterworker__constructor__
FN:6,main
FN:9,_Z41__static_initialization_and_destruction_0ii
FN:9,_GLOBAL__sub_I__simgrid_log_category__msg_app_masterworker__constructor__
FNDA:2,main
FNDA:2,_simgrid_log_category__msg_app_masterworker__constructor__
FNDA:2,_Z41__static_initialization_and_destruction_0ii
FNDA:2,_GLOBAL__sub_I__simgrid_log_category__msg_app_masterworker__constructor__
FNF:4
FNH:4
DA:4,2
DA:6,2
DA:7,2
DA:8,2
DA:9,6
LF:5
LH:5
end_of_record
